This file contains any messages produced by compilers while
running configure, to aid debugging if configure makes a mistake.

It was created by vecscreen_statistic configure 0.1, which was
generated by GNU Autoconf 2.69.  Invocation command line was

  $ ./configure /h

## --------- ##
## Platform. ##
## --------- ##

hostname = javier-TOSH
uname -m = x86_64
uname -r = 3.13.0-71-generic
uname -s = Linux
uname -v = #114-Ubuntu SMP Tue Dec 1 02:34:22 UTC 2015

/usr/bin/uname -p = unknown
/bin/uname -X     = unknown

/bin/arch              = unknown
/usr/bin/arch -k       = unknown
/usr/convex/getsysinfo = unknown
/usr/bin/hostinfo      = unknown
/bin/machine           = unknown
/usr/bin/oslevel       = unknown
/bin/universe          = unknown

PATH: /usr/local/SERVICIO_BIOINFO/UCSC-tools
PATH: /usr/local/SERVICIO_BIOINFO/BRAKER
PATH: /usr/local/SERVICIO_BIOINFO/augustus-3.0.3/bin
PATH: /usr/local/SERVICIO_BIOINFO/augustus-3.0.3/scripts/
PATH: /usr/local/SERVICIO_BIOINFO/miniconda2/bin
PATH: /usr/local/SERVICIO_BIOINFO/GMAP/bin
PATH: /home/javier/.linuxbrew/bin
PATH: /home/javier/bin
PATH: /usr/local/sbin
PATH: /usr/local/bin
PATH: /usr/sbin
PATH: /usr/bin
PATH: /sbin
PATH: /bin
PATH: /usr/games
PATH: /usr/local/games
PATH: /usr/lib/jvm/java-8-oracle/bin
PATH: /usr/lib/jvm/java-8-oracle/db/bin
PATH: /usr/lib/jvm/java-8-oracle/jre/bin
PATH: /usr/local/SERVICIO_BIOINFO/MUMmer3.23
PATH: /usr/local/SERVICIO_BIOINFO/blat
PATH: /usr/local/SERVICIO_BIOINFO/HMMER/bin
PATH: /usr/local/SERVICIO_BIOINFO/EMBOSS/bin
PATH: /usr/local/SERVICIO_BIOINFO/tRNAscan-SE-1.3.1/bin
PATH: /usr/local/SERVICIO_BIOINFO/bedops/bin
PATH: /usr/local/SERVICIO_BIOINFO/wavelets/bin
PATH: /usr/local/SERVICIO_BIOINFO/hotspot-distr-v4/hotspot-deploy/bin


## ----------- ##
## Core tests. ##
## ----------- ##

configure:1786: error: cannot find install-sh, install.sh, or shtool in "." "./.." "./../.."

## ---------------- ##
## Cache variables. ##
## ---------------- ##

ac_cv_env_F77_set=
ac_cv_env_F77_value=
ac_cv_env_FFLAGS_set=
ac_cv_env_FFLAGS_value=
ac_cv_env_LDFLAGS_set=
ac_cv_env_LDFLAGS_value=
ac_cv_env_LIBS_set=
ac_cv_env_LIBS_value=
ac_cv_env_build_alias_set=set
ac_cv_env_build_alias_value=/h
ac_cv_env_host_alias_set=set
ac_cv_env_host_alias_value=/h
ac_cv_env_target_alias_set=set
ac_cv_env_target_alias_value=/h

## ----------------- ##
## Output variables. ##
## ----------------- ##

ACLOCAL=''
AMTAR=''
AM_BACKSLASH=''
AM_DEFAULT_V=''
AM_DEFAULT_VERBOSITY=''
AM_V=''
AUTOCONF=''
AUTOHEADER=''
AUTOMAKE=''
AWK=''
CYGPATH_W=''
DEFS=''
ECHO_C=''
ECHO_N='-n'
ECHO_T=''
EXEEXT=''
F77=''
FFLAGS=''
INSTALL_DATA=''
INSTALL_PROGRAM=''
INSTALL_SCRIPT=''
INSTALL_STRIP_PROGRAM=''
LDFLAGS=''
LIBOBJS=''
LIBS=''
LTLIBOBJS=''
MAKEINFO=''
MKDIR_P=''
OBJEXT=''
PACKAGE=''
PACKAGE_BUGREPORT=''
PACKAGE_NAME='vecscreen_statistic'
PACKAGE_STRING='vecscreen_statistic 0.1'
PACKAGE_TARNAME='vecscreen_statistic'
PACKAGE_URL=''
PACKAGE_VERSION='0.1'
PATH_SEPARATOR=':'
SET_MAKE=''
SHELL='/bin/bash'
STRIP=''
VERSION=''
ac_ct_F77=''
am__EXEEXT_FALSE=''
am__EXEEXT_TRUE=''
am__isrc=''
am__leading_dot=''
am__tar=''
am__untar=''
bindir='${exec_prefix}/bin'
build_alias='/h'
datadir='${datarootdir}'
datarootdir='${prefix}/share'
docdir='${datarootdir}/doc/${PACKAGE_TARNAME}'
dvidir='${docdir}'
exec_prefix='NONE'
host_alias='/h'
htmldir='${docdir}'
includedir='${prefix}/include'
infodir='${datarootdir}/info'
install_sh=''
libdir='${exec_prefix}/lib'
libexecdir='${exec_prefix}/libexec'
localedir='${datarootdir}/locale'
localstatedir='${prefix}/var'
mandir='${datarootdir}/man'
mkdir_p=''
oldincludedir='/usr/include'
pdfdir='${docdir}'
prefix='NONE'
program_transform_name='s,x,x,'
psdir='${docdir}'
sbindir='${exec_prefix}/sbin'
sharedstatedir='${prefix}/com'
sysconfdir='${prefix}/etc'
target_alias='/h'

## ----------- ##
## confdefs.h. ##
## ----------- ##

/* confdefs.h */
#define PACKAGE_NAME "vecscreen_statistic"
#define PACKAGE_TARNAME "vecscreen_statistic"
#define PACKAGE_VERSION "0.1"
#define PACKAGE_STRING "vecscreen_statistic 0.1"
#define PACKAGE_BUGREPORT ""
#define PACKAGE_URL ""

configure: exit 1
